0 info it worked if it ends with ok
1 verbose cli [ 'node', '/usr/bin/npm', 'install', 'fs' ]
2 info using npm@1.2.17
3 info using node@v0.10.3
4 verbose node symlink /usr/bin/node
5 verbose read json /home/cme/dev_private/git/dreadball-dice-stats/package.json
6 verbose read json /home/cme/dev_private/git/dreadball-dice-stats/node_modules/fs-extra/package.json
7 verbose read json /home/cme/dev_private/git/dreadball-dice-stats/node_modules/underscore/package.json
8 verbose read json /home/cme/dev_private/git/dreadball-dice-stats/package.json
9 verbose cache add [ 'fs', null ]
10 verbose cache add name=undefined spec="fs" args=["fs",null]
11 verbose parsed url { protocol: null,
11 verbose parsed url   slashes: null,
11 verbose parsed url   auth: null,
11 verbose parsed url   host: null,
11 verbose parsed url   port: null,
11 verbose parsed url   hostname: null,
11 verbose parsed url   hash: null,
11 verbose parsed url   search: null,
11 verbose parsed url   query: null,
11 verbose parsed url   pathname: 'fs',
11 verbose parsed url   path: 'fs',
11 verbose parsed url   href: 'fs' }
12 silly lockFile 3f4bb586-fs fs
13 verbose lock fs /home/cme/.npm/3f4bb586-fs.lock
14 silly lockFile 3f4bb586-fs fs
15 silly lockFile 3f4bb586-fs fs
16 verbose addNamed [ 'fs', '' ]
17 verbose addNamed [ null, '' ]
18 silly lockFile a107b96b-fs fs@
19 verbose lock fs@ /home/cme/.npm/a107b96b-fs.lock
20 silly addNameRange { name: 'fs', range: '', hasData: false }
21 verbose url raw fs
22 verbose url resolving [ 'https://registry.npmjs.org/', './fs' ]
23 verbose url resolved https://registry.npmjs.org/fs
24 info trying registry request attempt 1 at 10:57:25
25 http GET https://registry.npmjs.org/fs
26 http 404 https://registry.npmjs.org/fs
27 silly registry.get cb [ 404,
27 silly registry.get   { server: 'CouchDB/1.3.0 (Erlang OTP/R15B03)',
27 silly registry.get     date: 'Sun, 14 Apr 2013 08:57:46 GMT',
27 silly registry.get     'content-type': 'application/json',
27 silly registry.get     'content-length': '52',
27 silly registry.get     'cache-control': 'must-revalidate' } ]
28 silly lockFile a107b96b-fs fs@
29 silly lockFile a107b96b-fs fs@
30 error 404 'fs' is not in the npm registry.
30 error 404 You should bug the author to publish it
30 error 404
30 error 404 Note that you can also install from a
30 error 404 tarball, folder, or http url, or git url.
31 error System Linux 3.5.0-27-generic
32 error command "node" "/usr/bin/npm" "install" "fs"
33 error cwd /home/cme/dev_private/git/dreadball-dice-stats
34 error node -v v0.10.3
35 error npm -v 1.2.17
36 error code E404
37 verbose exit [ 1, true ]
